Started GET "/" for 127.0.0.1 at 2024-02-06 12:05:30 -0600
  [1m[35m (3.3ms)[0m  [1m[35mCREATE TABLE "schema_migrations" ("version" varchar NOT NULL PRIMARY KEY)[0m
  [1m[35m (0.3ms)[0m  [1m[35mCREATE TABLE "ar_internal_metadata" ("key" varchar NOT NULL PRIMARY KEY, "value" varchar, "created_at" datetime(6) NOT NULL, "updated_at" datetime(6) NOT NULL)[0m
  [1m[36mActiveRecord::SchemaMigration Load (0.2ms)[0m  [1m[34mSELECT "schema_migrations"."version" FROM "schema_migrations" ORDER BY "schema_migrations"."version" ASC[0m
Processing by Rails::WelcomeController#index as HTML
  Rendering /home/ravleenkaur/.asdf/installs/ruby/3.3.0/lib/ruby/gems/3.3.0/gems/railties-7.1.3/lib/rails/templates/rails/welcome/index.html.erb
  Rendered /home/ravleenkaur/.asdf/installs/ruby/3.3.0/lib/ruby/gems/3.3.0/gems/railties-7.1.3/lib/rails/templates/rails/welcome/index.html.erb (Duration: 1.7ms | Allocations: 373)
Completed 200 OK in 59ms (Views: 18.4ms | ActiveRecord: 0.0ms | Allocations: 7735)


Started GET "/" for 127.0.0.1 at 2024-02-07 11:36:48 -0600
  [1m[36mActiveRecord::SchemaMigration Load (0.2ms)[0m  [1m[34mSELECT "schema_migrations"."version" FROM "schema_migrations" ORDER BY "schema_migrations"."version" ASC[0m
Processing by Rails::WelcomeController#index as HTML
  Rendering /home/ravleenkaur/.asdf/installs/ruby/3.3.0/lib/ruby/gems/3.3.0/gems/railties-7.1.3/lib/rails/templates/rails/welcome/index.html.erb
  Rendered /home/ravleenkaur/.asdf/installs/ruby/3.3.0/lib/ruby/gems/3.3.0/gems/railties-7.1.3/lib/rails/templates/rails/welcome/index.html.erb (Duration: 2.5ms | Allocations: 373)
Completed 200 OK in 29ms (Views: 11.8ms | ActiveRecord: 0.0ms | Allocations: 4295)


Started GET "/" for 127.0.0.1 at 2024-02-07 11:37:06 -0600
Processing by Rails::WelcomeController#index as HTML
  Rendering /home/ravleenkaur/.asdf/installs/ruby/3.3.0/lib/ruby/gems/3.3.0/gems/railties-7.1.3/lib/rails/templates/rails/welcome/index.html.erb
  Rendered /home/ravleenkaur/.asdf/installs/ruby/3.3.0/lib/ruby/gems/3.3.0/gems/railties-7.1.3/lib/rails/templates/rails/welcome/index.html.erb (Duration: 0.9ms | Allocations: 260)
Completed 200 OK in 4ms (Views: 2.3ms | ActiveRecord: 0.0ms | Allocations: 898)


Started GET "/" for ::1 at 2024-02-07 11:43:09 -0600
  
NameError (uninitialized constant ApplicationController):
  
app/controllers/application_controller.rb:1:in `<main>'
app/controllers/articles_controller.rb:1:in `<main>'
Started GET "/" for 127.0.0.1 at 2024-02-07 11:45:07 -0600
  
NameError (uninitialized constant ApplicationController):
  
app/controllers/application_controller.rb:1:in `<main>'
app/controllers/articles_controller.rb:1:in `<main>'
Started GET "/" for 127.0.0.1 at 2024-02-07 11:51:34 -0600
Processing by ArticlesController#index as HTML
  Rendering layout layouts/application.html.erb
  Rendering articles/index.html.erb within layouts/application
  Rendered articles/index.html.erb within layouts/application (Duration: 0.7ms | Allocations: 95)
  Rendered layout layouts/application.html.erb (Duration: 468.4ms | Allocations: 97865)
Completed 200 OK in 472ms (Views: 471.1ms | ActiveRecord: 0.0ms | Allocations: 98835)


  [1m[36mActiveRecord::InternalMetadata Load (6.8ms)[0m  [1m[34mSELECT * FROM "ar_internal_metadata" WHERE "ar_internal_metadata"."key" = ? ORDER BY "ar_internal_metadata"."key" ASC LIMIT 1[0m  [[nil, "environment"]]
  [1m[36mActiveRecord::InternalMetadata Create (3.5ms)[0m  [1m[32mINSERT INTO "ar_internal_metadata" ("key", "value", "created_at", "updated_at") VALUES ('environment', 'development', '2024-02-07 18:03:03.755335', '2024-02-07 18:03:03.755343') RETURNING "key"[0m
  [1m[36mActiveRecord::SchemaMigration Load (0.2ms)[0m  [1m[34mSELECT "schema_migrations"."version" FROM "schema_migrations" ORDER BY "schema_migrations"."version" ASC[0m
Migrating to CreateArticles (20240207175924)
  [1m[36mTRANSACTION (0.1ms)[0m  [1m[36mbegin transaction[0m
  [1m[35m (2.2ms)[0m  [1m[35mCREATE TABLE "articles" ("id" integer PRIMARY KEY AUTOINCREMENT NOT NULL, "title" varchar, "body" text, "created_at" datetime(6) NOT NULL, "updated_at" datetime(6) NOT NULL)[0m
  [1m[36mActiveRecord::SchemaMigration Create (0.3ms)[0m  [1m[32mINSERT INTO "schema_migrations" ("version") VALUES ('20240207175924') RETURNING "version"[0m
  [1m[36mTRANSACTION (0.2ms)[0m  [1m[36mcommit transaction[0m
  [1m[36mActiveRecord::SchemaMigration Load (0.2ms)[0m  [1m[34mSELECT "schema_migrations"."version" FROM "schema_migrations" ORDER BY "schema_migrations"."version" ASC[0m
  [1m[36mTRANSACTION (0.1ms)[0m  [1m[36mbegin transaction[0m
  [1m[36mArticle Create (0.8ms)[0m  [1m[32mINSERT INTO "articles" ("title", "body", "created_at", "updated_at") VALUES (?, ?, ?, ?) RETURNING "id"[0m  [["title", "Hello Rails"], ["body", "I am on Rails!"], ["created_at", "2024-02-07 18:05:30.093767"], ["updated_at", "2024-02-07 18:05:30.093767"]]
  [1m[36mTRANSACTION (0.1ms)[0m  [1m[36mcommit transaction[0m
  [1m[36mTRANSACTION (0.1ms)[0m  [1m[36mbegin transaction[0m
  [1m[36mArticle Create (0.7ms)[0m  [1m[32mINSERT INTO "articles" ("title", "body", "created_at", "updated_at") VALUES (?, ?, ?, ?) RETURNING "id"[0m  [["title", "Hello Rails"], ["body", "I am on Rails!"], ["created_at", "2024-02-07 18:13:57.126309"], ["updated_at", "2024-02-07 18:13:57.126309"]]
  [1m[36mTRANSACTION (0.1ms)[0m  [1m[36mcommit transaction[0m
  [1m[36mTRANSACTION (0.1ms)[0m  [1m[36mbegin transaction[0m
  [1m[36mArticle Create (0.7ms)[0m  [1m[32mINSERT INTO "articles" ("title", "body", "created_at", "updated_at") VALUES (?, ?, ?, ?) RETURNING "id"[0m  [["title", "Hello Rails"], ["body", "I am on Rails!"], ["created_at", "2024-02-07 18:16:45.326950"], ["updated_at", "2024-02-07 18:16:45.326950"]]
  [1m[36mTRANSACTION (0.1ms)[0m  [1m[36mcommit transaction[0m
  [1m[36mTRANSACTION (0.2ms)[0m  [1m[36mbegin transaction[0m
  [1m[36mArticle Create (0.9ms)[0m  [1m[32mINSERT INTO "articles" ("title", "body", "created_at", "updated_at") VALUES (?, ?, ?, ?) RETURNING "id"[0m  [["title", "Hello Rails"], ["body", "I am on Rails!"], ["created_at", "2024-02-07 18:20:55.785309"], ["updated_at", "2024-02-07 18:20:55.785309"]]
  [1m[36mTRANSACTION (7.9ms)[0m  [1m[36mcommit transaction[0m
  [1m[36mTRANSACTION (0.1ms)[0m  [1m[36mbegin transaction[0m
  [1m[36mArticle Create (0.6ms)[0m  [1m[32mINSERT INTO "articles" ("title", "body", "created_at", "updated_at") VALUES (?, ?, ?, ?) RETURNING "id"[0m  [["title", "Hello Rails"], ["body", "I am on Rails!"], ["created_at", "2024-02-07 18:25:02.029272"], ["updated_at", "2024-02-07 18:25:02.029272"]]
  [1m[36mTRANSACTION (0.1ms)[0m  [1m[36mcommit transaction[0m
  [1m[36mArticle Load (0.3ms)[0m  [1m[34mSELECT "articles".* FROM "articles" WHERE "articles"."id" = ? LIMIT ?[0m  [["id", 1], ["LIMIT", 1]]
  [1m[36mArticle Load (0.4ms)[0m  [1m[34mSELECT "articles".* FROM "articles" /* loading for pp */ LIMIT ?[0m  [["LIMIT", 11]]
Started GET "/" for 127.0.0.1 at 2024-02-07 12:32:39 -0600
  [1m[36mActiveRecord::SchemaMigration Load (0.2ms)[0m  [1m[34mSELECT "schema_migrations"."version" FROM "schema_migrations" ORDER BY "schema_migrations"."version" ASC[0m
Processing by ArticlesController#index as HTML
  Rendering layout layouts/application.html.erb
  Rendering articles/index.html.erb within layouts/application
  [1m[36mArticle Load (0.2ms)[0m  [1m[34mSELECT "articles".* FROM "articles"[0m
  ↳ app/views/articles/index.html.erb:4
  Rendered articles/index.html.erb within layouts/application (Duration: 44.0ms | Allocations: 9737)
  Rendered layout layouts/application.html.erb (Duration: 172.7ms | Allocations: 46509)
Completed 200 OK in 240ms (Views: 178.9ms | ActiveRecord: 1.9ms | Allocations: 56306)


Started GET "/" for 127.0.0.1 at 2024-02-07 12:33:58 -0600
Processing by ArticlesController#index as HTML
  Rendering layout layouts/application.html.erb
  Rendering articles/index.html.erb within layouts/application
  [1m[36mArticle Load (0.1ms)[0m  [1m[34mSELECT "articles".* FROM "articles"[0m
  ↳ app/views/articles/index.html.erb:4
  Rendered articles/index.html.erb within layouts/application (Duration: 1.8ms | Allocations: 484)
  Rendered layout layouts/application.html.erb (Duration: 5.7ms | Allocations: 1772)
Completed 200 OK in 7ms (Views: 6.6ms | ActiveRecord: 0.1ms | Allocations: 2031)


Started GET "/articles/1" for ::1 at 2024-02-07 12:49:29 -0600
Processing by ArticlesController#show as HTML
  Parameters: {"id"=>"1"}
  [1m[36mArticle Load (1.5ms)[0m  [1m[34mSELECT "articles".* FROM "articles" WHERE "articles"."id" = ? LIMIT ?[0m  [["id", 1], ["LIMIT", 1]]
  ↳ app/controllers/articles_controller.rb:6:in `show'
Completed 406 Not Acceptable in 16ms (ActiveRecord: 2.3ms | Allocations: 6003)


  
ActionController::MissingExactTemplate (ArticlesController#show is missing a template for request formats: text/html):
  
actionpack (7.1.3) lib/action_controller/metal/implicit_render.rb:47:in `default_render'
actionpack (7.1.3) lib/action_controller/metal/basic_implicit_render.rb:7:in `send_action'
actionpack (7.1.3) lib/abstract_controller/base.rb:224:in `process_action'
actionpack (7.1.3) lib/action_controller/metal/rendering.rb:165:in `process_action'
actionpack (7.1.3) lib/abstract_controller/callbacks.rb:259:in `block in process_action'
activesupport (7.1.3) lib/active_support/callbacks.rb:121:in `block in run_callbacks'
actiontext (7.1.3) lib/action_text/rendering.rb:23:in `with_renderer'
actiontext (7.1.3) lib/action_text/engine.rb:69:in `block (4 levels) in <class:Engine>'
activesupport (7.1.3) lib/active_support/callbacks.rb:130:in `instance_exec'
activesupport (7.1.3) lib/active_support/callbacks.rb:130:in `block in run_callbacks'
activesupport (7.1.3) lib/active_support/callbacks.rb:141:in `run_callbacks'
actionpack (7.1.3) lib/abstract_controller/callbacks.rb:258:in `process_action'
actionpack (7.1.3) lib/action_controller/metal/rescue.rb:25:in `process_action'
actionpack (7.1.3) lib/action_controller/metal/instrumentation.rb:74:in `block in process_action'
activesupport (7.1.3) lib/active_support/notifications.rb:206:in `block in instrument'
activesupport (7.1.3) lib/active_support/notifications/instrumenter.rb:58:in `instrument'
activesupport (7.1.3) lib/active_support/notifications.rb:206:in `instrument'
actionpack (7.1.3) lib/action_controller/metal/instrumentation.rb:73:in `process_action'
actionpack (7.1.3) lib/action_controller/metal/params_wrapper.rb:261:in `process_action'
activerecord (7.1.3) lib/active_record/railties/controller_runtime.rb:32:in `process_action'
actionpack (7.1.3) lib/abstract_controller/base.rb:160:in `process'
actionview (7.1.3) lib/action_view/rendering.rb:40:in `process'
actionpack (7.1.3) lib/action_controller/metal.rb:227:in `dispatch'
actionpack (7.1.3) lib/action_controller/metal.rb:309:in `dispatch'
actionpack (7.1.3) lib/action_dispatch/routing/route_set.rb:49:in `dispatch'
actionpack (7.1.3) lib/action_dispatch/routing/route_set.rb:32:in `serve'
actionpack (7.1.3) lib/action_dispatch/journey/router.rb:51:in `block in serve'
actionpack (7.1.3) lib/action_dispatch/journey/router.rb:131:in `block in find_routes'
actionpack (7.1.3) lib/action_dispatch/journey/router.rb:124:in `each'
actionpack (7.1.3) lib/action_dispatch/journey/router.rb:124:in `find_routes'
actionpack (7.1.3) lib/action_dispatch/journey/router.rb:32:in `serve'
actionpack (7.1.3) lib/action_dispatch/routing/route_set.rb:882:in `call'
rack (3.0.9) lib/rack/tempfile_reaper.rb:20:in `call'
rack (3.0.9) lib/rack/etag.rb:29:in `call'
rack (3.0.9) lib/rack/conditional_get.rb:31:in `call'
rack (3.0.9) lib/rack/head.rb:15:in `call'
actionpack (7.1.3) lib/action_dispatch/http/permissions_policy.rb:36:in `call'
actionpack (7.1.3) lib/action_dispatch/http/content_security_policy.rb:33:in `call'
rack-session (2.0.0) lib/rack/session/abstract/id.rb:272:in `context'
rack-session (2.0.0) lib/rack/session/abstract/id.rb:266:in `call'
actionpack (7.1.3) lib/action_dispatch/middleware/cookies.rb:689:in `call'
activerecord (7.1.3) lib/active_record/migration.rb:655:in `call'
actionpack (7.1.3) lib/action_dispatch/middleware/callbacks.rb:29:in `block in call'
activesupport (7.1.3) lib/active_support/callbacks.rb:101:in `run_callbacks'
actionpack (7.1.3) lib/action_dispatch/middleware/callbacks.rb:28:in `call'
actionpack (7.1.3) lib/action_dispatch/middleware/executor.rb:14:in `call'
actionpack (7.1.3) lib/action_dispatch/middleware/actionable_exceptions.rb:16:in `call'
actionpack (7.1.3) lib/action_dispatch/middleware/debug_exceptions.rb:29:in `call'
web-console (4.2.1) lib/web_console/middleware.rb:132:in `call_app'
web-console (4.2.1) lib/web_console/middleware.rb:28:in `block in call'
web-console (4.2.1) lib/web_console/middleware.rb:17:in `catch'
web-console (4.2.1) lib/web_console/middleware.rb:17:in `call'
actionpack (7.1.3) lib/action_dispatch/middleware/show_exceptions.rb:31:in `call'
railties (7.1.3) lib/rails/rack/logger.rb:37:in `call_app'
railties (7.1.3) lib/rails/rack/logger.rb:24:in `block in call'
activesupport (7.1.3) lib/active_support/tagged_logging.rb:135:in `block in tagged'
activesupport (7.1.3) lib/active_support/tagged_logging.rb:39:in `tagged'
activesupport (7.1.3) lib/active_support/tagged_logging.rb:135:in `tagged'
activesupport (7.1.3) lib/active_support/broadcast_logger.rb:240:in `method_missing'
railties (7.1.3) lib/rails/rack/logger.rb:24:in `call'
sprockets-rails (3.4.2) lib/sprockets/rails/quiet_assets.rb:13:in `call'
actionpack (7.1.3) lib/action_dispatch/middleware/remote_ip.rb:92:in `call'
actionpack (7.1.3) lib/action_dispatch/middleware/request_id.rb:28:in `call'
rack (3.0.9) lib/rack/method_override.rb:28:in `call'
rack (3.0.9) lib/rack/runtime.rb:24:in `call'
activesupport (7.1.3) lib/active_support/cache/strategy/local_cache_middleware.rb:29:in `call'
actionpack (7.1.3) lib/action_dispatch/middleware/server_timing.rb:59:in `block in call'
actionpack (7.1.3) lib/action_dispatch/middleware/server_timing.rb:24:in `collect_events'
actionpack (7.1.3) lib/action_dispatch/middleware/server_timing.rb:58:in `call'
actionpack (7.1.3) lib/action_dispatch/middleware/executor.rb:14:in `call'
actionpack (7.1.3) lib/action_dispatch/middleware/static.rb:25:in `call'
rack (3.0.9) lib/rack/sendfile.rb:114:in `call'
actionpack (7.1.3) lib/action_dispatch/middleware/host_authorization.rb:141:in `call'
railties (7.1.3) lib/rails/engine.rb:536:in `call'
puma (6.4.2) lib/puma/configuration.rb:272:in `call'
puma (6.4.2) lib/puma/request.rb:100:in `block in handle_request'
puma (6.4.2) lib/puma/thread_pool.rb:378:in `with_force_shutdown'
puma (6.4.2) lib/puma/request.rb:99:in `handle_request'
puma (6.4.2) lib/puma/server.rb:464:in `process_client'
puma (6.4.2) lib/puma/server.rb:245:in `block in run'
puma (6.4.2) lib/puma/thread_pool.rb:155:in `block in spawn_thread'
Started GET "/" for 127.0.0.1 at 2024-02-07 13:46:10 -0600
  [1m[36mActiveRecord::SchemaMigration Load (0.2ms)[0m  [1m[34mSELECT "schema_migrations"."version" FROM "schema_migrations" ORDER BY "schema_migrations"."version" ASC[0m
Processing by ArticlesController#index as HTML
  Rendering layout layouts/application.html.erb
  Rendering articles/index.html.erb within layouts/application
  [1m[36mArticle Load (0.2ms)[0m  [1m[34mSELECT "articles".* FROM "articles"[0m
  ↳ app/views/articles/index.html.erb:4
  Rendered articles/index.html.erb within layouts/application (Duration: 34.8ms | Allocations: 10046)
  Rendered layout layouts/application.html.erb (Duration: 153.5ms | Allocations: 44219)
Completed 200 OK in 236ms (Views: 159.9ms | ActiveRecord: 2.3ms | Allocations: 54208)


Started GET "/articles/1" for 127.0.0.1 at 2024-02-07 13:46:14 -0600
Processing by ArticlesController#show as HTML
  Parameters: {"id"=>"1"}
  [1m[36mArticle Load (0.1ms)[0m  [1m[34mSELECT "articles".* FROM "articles" WHERE "articles"."id" = ? LIMIT ?[0m  [["id", 1], ["LIMIT", 1]]
  ↳ app/controllers/articles_controller.rb:7:in `show'
Completed 406 Not Acceptable in 4ms (ActiveRecord: 0.1ms | Allocations: 2935)


  
ActionController::MissingExactTemplate (ArticlesController#show is missing a template for request formats: text/html):
  
actionpack (7.1.3) lib/action_controller/metal/implicit_render.rb:47:in `default_render'
actionpack (7.1.3) lib/action_controller/metal/basic_implicit_render.rb:7:in `send_action'
actionpack (7.1.3) lib/abstract_controller/base.rb:224:in `process_action'
actionpack (7.1.3) lib/action_controller/metal/rendering.rb:165:in `process_action'
actionpack (7.1.3) lib/abstract_controller/callbacks.rb:259:in `block in process_action'
activesupport (7.1.3) lib/active_support/callbacks.rb:121:in `block in run_callbacks'
actiontext (7.1.3) lib/action_text/rendering.rb:23:in `with_renderer'
actiontext (7.1.3) lib/action_text/engine.rb:69:in `block (4 levels) in <class:Engine>'
activesupport (7.1.3) lib/active_support/callbacks.rb:130:in `instance_exec'
activesupport (7.1.3) lib/active_support/callbacks.rb:130:in `block in run_callbacks'
activesupport (7.1.3) lib/active_support/callbacks.rb:141:in `run_callbacks'
actionpack (7.1.3) lib/abstract_controller/callbacks.rb:258:in `process_action'
actionpack (7.1.3) lib/action_controller/metal/rescue.rb:25:in `process_action'
actionpack (7.1.3) lib/action_controller/metal/instrumentation.rb:74:in `block in process_action'
activesupport (7.1.3) lib/active_support/notifications.rb:206:in `block in instrument'
activesupport (7.1.3) lib/active_support/notifications/instrumenter.rb:58:in `instrument'
activesupport (7.1.3) lib/active_support/notifications.rb:206:in `instrument'
actionpack (7.1.3) lib/action_controller/metal/instrumentation.rb:73:in `process_action'
actionpack (7.1.3) lib/action_controller/metal/params_wrapper.rb:261:in `process_action'
activerecord (7.1.3) lib/active_record/railties/controller_runtime.rb:32:in `process_action'
actionpack (7.1.3) lib/abstract_controller/base.rb:160:in `process'
actionview (7.1.3) lib/action_view/rendering.rb:40:in `process'
actionpack (7.1.3) lib/action_controller/metal.rb:227:in `dispatch'
actionpack (7.1.3) lib/action_controller/metal.rb:309:in `dispatch'
actionpack (7.1.3) lib/action_dispatch/routing/route_set.rb:49:in `dispatch'
actionpack (7.1.3) lib/action_dispatch/routing/route_set.rb:32:in `serve'
actionpack (7.1.3) lib/action_dispatch/journey/router.rb:51:in `block in serve'
actionpack (7.1.3) lib/action_dispatch/journey/router.rb:131:in `block in find_routes'
actionpack (7.1.3) lib/action_dispatch/journey/router.rb:124:in `each'
actionpack (7.1.3) lib/action_dispatch/journey/router.rb:124:in `find_routes'
actionpack (7.1.3) lib/action_dispatch/journey/router.rb:32:in `serve'
actionpack (7.1.3) lib/action_dispatch/routing/route_set.rb:882:in `call'
rack (3.0.9) lib/rack/tempfile_reaper.rb:20:in `call'
rack (3.0.9) lib/rack/etag.rb:29:in `call'
rack (3.0.9) lib/rack/conditional_get.rb:31:in `call'
rack (3.0.9) lib/rack/head.rb:15:in `call'
actionpack (7.1.3) lib/action_dispatch/http/permissions_policy.rb:36:in `call'
actionpack (7.1.3) lib/action_dispatch/http/content_security_policy.rb:33:in `call'
rack-session (2.0.0) lib/rack/session/abstract/id.rb:272:in `context'
rack-session (2.0.0) lib/rack/session/abstract/id.rb:266:in `call'
actionpack (7.1.3) lib/action_dispatch/middleware/cookies.rb:689:in `call'
activerecord (7.1.3) lib/active_record/migration.rb:655:in `call'
actionpack (7.1.3) lib/action_dispatch/middleware/callbacks.rb:29:in `block in call'
activesupport (7.1.3) lib/active_support/callbacks.rb:101:in `run_callbacks'
actionpack (7.1.3) lib/action_dispatch/middleware/callbacks.rb:28:in `call'
actionpack (7.1.3) lib/action_dispatch/middleware/executor.rb:14:in `call'
actionpack (7.1.3) lib/action_dispatch/middleware/actionable_exceptions.rb:16:in `call'
actionpack (7.1.3) lib/action_dispatch/middleware/debug_exceptions.rb:29:in `call'
web-console (4.2.1) lib/web_console/middleware.rb:132:in `call_app'
web-console (4.2.1) lib/web_console/middleware.rb:28:in `block in call'
web-console (4.2.1) lib/web_console/middleware.rb:17:in `catch'
web-console (4.2.1) lib/web_console/middleware.rb:17:in `call'
actionpack (7.1.3) lib/action_dispatch/middleware/show_exceptions.rb:31:in `call'
railties (7.1.3) lib/rails/rack/logger.rb:37:in `call_app'
railties (7.1.3) lib/rails/rack/logger.rb:24:in `block in call'
activesupport (7.1.3) lib/active_support/tagged_logging.rb:135:in `block in tagged'
activesupport (7.1.3) lib/active_support/tagged_logging.rb:39:in `tagged'
activesupport (7.1.3) lib/active_support/tagged_logging.rb:135:in `tagged'
activesupport (7.1.3) lib/active_support/broadcast_logger.rb:240:in `method_missing'
railties (7.1.3) lib/rails/rack/logger.rb:24:in `call'
sprockets-rails (3.4.2) lib/sprockets/rails/quiet_assets.rb:13:in `call'
actionpack (7.1.3) lib/action_dispatch/middleware/remote_ip.rb:92:in `call'
actionpack (7.1.3) lib/action_dispatch/middleware/request_id.rb:28:in `call'
rack (3.0.9) lib/rack/method_override.rb:28:in `call'
rack (3.0.9) lib/rack/runtime.rb:24:in `call'
activesupport (7.1.3) lib/active_support/cache/strategy/local_cache_middleware.rb:29:in `call'
actionpack (7.1.3) lib/action_dispatch/middleware/server_timing.rb:59:in `block in call'
actionpack (7.1.3) lib/action_dispatch/middleware/server_timing.rb:24:in `collect_events'
actionpack (7.1.3) lib/action_dispatch/middleware/server_timing.rb:58:in `call'
actionpack (7.1.3) lib/action_dispatch/middleware/executor.rb:14:in `call'
actionpack (7.1.3) lib/action_dispatch/middleware/static.rb:25:in `call'
rack (3.0.9) lib/rack/sendfile.rb:114:in `call'
actionpack (7.1.3) lib/action_dispatch/middleware/host_authorization.rb:141:in `call'
railties (7.1.3) lib/rails/engine.rb:536:in `call'
puma (6.4.2) lib/puma/configuration.rb:272:in `call'
puma (6.4.2) lib/puma/request.rb:100:in `block in handle_request'
puma (6.4.2) lib/puma/thread_pool.rb:378:in `with_force_shutdown'
puma (6.4.2) lib/puma/request.rb:99:in `handle_request'
puma (6.4.2) lib/puma/server.rb:464:in `process_client'
puma (6.4.2) lib/puma/server.rb:245:in `block in run'
puma (6.4.2) lib/puma/thread_pool.rb:155:in `block in spawn_thread'
Started GET "/articles/1" for 127.0.0.1 at 2024-02-07 13:47:51 -0600
Processing by ArticlesController#show as HTML
  Parameters: {"id"=>"1"}
  [1m[36mArticle Load (1.5ms)[0m  [1m[34mSELECT "articles".* FROM "articles" WHERE "articles"."id" = ? LIMIT ?[0m  [["id", 1], ["LIMIT", 1]]
  ↳ app/controllers/articles_controller.rb:7:in `show'
  Rendering layout layouts/application.html.erb
  Rendering articles/show.html.erb within layouts/application
  Rendered articles/show.html.erb within layouts/application (Duration: 2.3ms | Allocations: 141)
  Rendered layout layouts/application.html.erb (Duration: 36.7ms | Allocations: 16619)
Completed 200 OK in 70ms (Views: 43.7ms | ActiveRecord: 3.0ms | Allocations: 22130)


Started GET "/" for 127.0.0.1 at 2024-02-07 13:47:53 -0600
Processing by ArticlesController#index as HTML
  Rendering layout layouts/application.html.erb
  Rendering articles/index.html.erb within layouts/application
  [1m[36mArticle Load (0.2ms)[0m  [1m[34mSELECT "articles".* FROM "articles"[0m
  ↳ app/views/articles/index.html.erb:4
  Rendered articles/index.html.erb within layouts/application (Duration: 3.9ms | Allocations: 840)
  Rendered layout layouts/application.html.erb (Duration: 9.0ms | Allocations: 2123)
Completed 200 OK in 12ms (Views: 10.2ms | ActiveRecord: 0.2ms | Allocations: 2443)


Started GET "/articles/2" for 127.0.0.1 at 2024-02-07 13:47:55 -0600
Processing by ArticlesController#show as HTML
  Parameters: {"id"=>"2"}
  [1m[36mArticle Load (0.1ms)[0m  [1m[34mSELECT "articles".* FROM "articles" WHERE "articles"."id" = ? LIMIT ?[0m  [["id", 2], ["LIMIT", 1]]
  ↳ app/controllers/articles_controller.rb:7:in `show'
  Rendering layout layouts/application.html.erb
  Rendering articles/show.html.erb within layouts/application
  Rendered articles/show.html.erb within layouts/application (Duration: 0.1ms | Allocations: 11)
  Rendered layout layouts/application.html.erb (Duration: 1.7ms | Allocations: 1273)
Completed 200 OK in 4ms (Views: 2.2ms | ActiveRecord: 0.1ms | Allocations: 1886)


Started GET "/" for 127.0.0.1 at 2024-02-07 13:53:26 -0600
Processing by ArticlesController#index as HTML
  Rendering layout layouts/application.html.erb
  Rendering articles/index.html.erb within layouts/application
  [1m[36mArticle Load (1.2ms)[0m  [1m[34mSELECT "articles".* FROM "articles"[0m
  ↳ app/views/articles/index.html.erb:4
  Rendered articles/index.html.erb within layouts/application (Duration: 6.6ms | Allocations: 3276)
  Rendered layout layouts/application.html.erb (Duration: 24.9ms | Allocations: 18577)
Completed 200 OK in 31ms (Views: 26.7ms | ActiveRecord: 1.8ms | Allocations: 20358)


Started GET "/articles/new" for 127.0.0.1 at 2024-02-07 13:53:28 -0600
Processing by ArticlesController#new as HTML
  Rendering layout layouts/application.html.erb
  Rendering articles/new.html.erb within layouts/application
  Rendered articles/_form.html.erb (Duration: 7.6ms | Allocations: 2502)
  Rendered articles/new.html.erb within layouts/application (Duration: 8.5ms | Allocations: 2742)
  Rendered layout layouts/application.html.erb (Duration: 9.9ms | Allocations: 3828)
Completed 200 OK in 11ms (Views: 10.4ms | ActiveRecord: 0.0ms | Allocations: 4183)


Started GET "/" for 127.0.0.1 at 2024-02-07 13:56:02 -0600
Processing by ArticlesController#index as HTML
  Rendering layout layouts/application.html.erb
  Rendering articles/index.html.erb within layouts/application
  [1m[36mArticle Load (0.1ms)[0m  [1m[34mSELECT "articles".* FROM "articles"[0m
  ↳ app/views/articles/index.html.erb:4
  Rendered articles/index.html.erb within layouts/application (Duration: 7.8ms | Allocations: 3667)
  Rendered layout layouts/application.html.erb (Duration: 20.7ms | Allocations: 19140)
Completed 200 OK in 25ms (Views: 20.1ms | ActiveRecord: 2.1ms | Allocations: 20923)


Started GET "/articles/new" for 127.0.0.1 at 2024-02-07 13:56:05 -0600
Processing by ArticlesController#new as HTML
  Rendering layout layouts/application.html.erb
  Rendering articles/new.html.erb within layouts/application
  Rendered articles/_form.html.erb (Duration: 2.4ms | Allocations: 1098)
  Rendered articles/new.html.erb within layouts/application (Duration: 3.3ms | Allocations: 1334)
  Rendered layout layouts/application.html.erb (Duration: 5.1ms | Allocations: 2420)
Completed 200 OK in 6ms (Views: 5.7ms | ActiveRecord: 0.0ms | Allocations: 2755)


Started POST "/articles" for 127.0.0.1 at 2024-02-07 13:56:12 -0600
Processing by ArticlesController#create as TURBO_STREAM
  Parameters: {"authenticity_token"=>"[FILTERED]", "article"=>{"title"=>"rav", "body"=>"jhbfejwfbhwrjfhbjehrgjte"}, "commit"=>"Create Article"}
  [1m[36mTRANSACTION (0.2ms)[0m  [1m[36mbegin transaction[0m
  ↳ app/controllers/articles_controller.rb:17:in `create'
  [1m[36mArticle Create (3.9ms)[0m  [1m[32mINSERT INTO "articles" ("title", "body", "created_at", "updated_at") VALUES (?, ?, ?, ?) RETURNING "id"[0m  [["title", "rav"], ["body", "jhbfejwfbhwrjfhbjehrgjte"], ["created_at", "2024-02-07 19:56:12.064903"], ["updated_at", "2024-02-07 19:56:12.064903"]]
  ↳ app/controllers/articles_controller.rb:17:in `create'
  [1m[36mTRANSACTION (4.0ms)[0m  [1m[36mcommit transaction[0m
  ↳ app/controllers/articles_controller.rb:17:in `create'
Redirected to http://127.0.0.1:3000/articles/6
Completed 302 Found in 17ms (ActiveRecord: 8.0ms | Allocations: 3399)


Started GET "/articles/6" for 127.0.0.1 at 2024-02-07 13:56:12 -0600
Processing by ArticlesController#show as TURBO_STREAM
  Parameters: {"id"=>"6"}
  [1m[36mArticle Load (0.2ms)[0m  [1m[34mSELECT "articles".* FROM "articles" WHERE "articles"."id" = ? LIMIT ?[0m  [["id", 6], ["LIMIT", 1]]
  ↳ app/controllers/articles_controller.rb:7:in `show'
  Rendering layout layouts/application.html.erb
  Rendering articles/show.html.erb within layouts/application
  Rendered articles/show.html.erb within layouts/application (Duration: 0.9ms | Allocations: 252)
  Rendered layout layouts/application.html.erb (Duration: 3.0ms | Allocations: 1522)
Completed 200 OK in 7ms (Views: 3.7ms | ActiveRecord: 0.2ms | Allocations: 2854)


Started GET "/articles/new" for 127.0.0.1 at 2024-02-07 13:56:16 -0600
Processing by ArticlesController#new as HTML
  Rendering layout layouts/application.html.erb
  Rendering articles/new.html.erb within layouts/application
  Rendered articles/_form.html.erb (Duration: 2.1ms | Allocations: 716)
  Rendered articles/new.html.erb within layouts/application (Duration: 2.4ms | Allocations: 779)
  Rendered layout layouts/application.html.erb (Duration: 4.2ms | Allocations: 1865)
Completed 200 OK in 5ms (Views: 4.8ms | ActiveRecord: 0.0ms | Allocations: 2123)


Started GET "/" for 127.0.0.1 at 2024-02-07 13:56:17 -0600
Processing by ArticlesController#index as HTML
  Rendering layout layouts/application.html.erb
  Rendering articles/index.html.erb within layouts/application
  [1m[36mArticle Load (0.1ms)[0m  [1m[34mSELECT "articles".* FROM "articles"[0m
  ↳ app/views/articles/index.html.erb:4
  Rendered articles/index.html.erb within layouts/application (Duration: 1.4ms | Allocations: 650)
  Rendered layout layouts/application.html.erb (Duration: 3.9ms | Allocations: 1894)
Completed 200 OK in 5ms (Views: 4.6ms | ActiveRecord: 0.1ms | Allocations: 2146)


Started GET "/" for 127.0.0.1 at 2024-02-07 13:56:19 -0600
Processing by ArticlesController#index as HTML
  Rendering layout layouts/application.html.erb
  Rendering articles/index.html.erb within layouts/application
  [1m[36mArticle Load (0.1ms)[0m  [1m[34mSELECT "articles".* FROM "articles"[0m
  ↳ app/views/articles/index.html.erb:4
  Rendered articles/index.html.erb within layouts/application (Duration: 1.4ms | Allocations: 650)
  Rendered layout layouts/application.html.erb (Duration: 3.2ms | Allocations: 1942)
Completed 200 OK in 4ms (Views: 3.7ms | ActiveRecord: 0.1ms | Allocations: 2194)


Started GET "/articles/6" for 127.0.0.1 at 2024-02-07 13:56:20 -0600
Processing by ArticlesController#show as HTML
  Parameters: {"id"=>"6"}
  [1m[36mArticle Load (0.1ms)[0m  [1m[34mSELECT "articles".* FROM "articles" WHERE "articles"."id" = ? LIMIT ?[0m  [["id", 6], ["LIMIT", 1]]
  ↳ app/controllers/articles_controller.rb:7:in `show'
  Rendering layout layouts/application.html.erb
  Rendering articles/show.html.erb within layouts/application
  Rendered articles/show.html.erb within layouts/application (Duration: 0.3ms | Allocations: 83)
  Rendered layout layouts/application.html.erb (Duration: 2.2ms | Allocations: 1339)
Completed 200 OK in 5ms (Views: 3.7ms | ActiveRecord: 0.1ms | Allocations: 1951)


Started DELETE "/articles/6" for 127.0.0.1 at 2024-02-07 13:56:24 -0600
Processing by ArticlesController#destroy as TURBO_STREAM
  Parameters: {"id"=>"6"}
  [1m[36mArticle Load (0.2ms)[0m  [1m[34mSELECT "articles".* FROM "articles" WHERE "articles"."id" = ? LIMIT ?[0m  [["id", 6], ["LIMIT", 1]]
  ↳ app/controllers/articles_controller.rb:39:in `destroy'
  [1m[36mTRANSACTION (0.1ms)[0m  [1m[36mbegin transaction[0m
  ↳ app/controllers/articles_controller.rb:40:in `destroy'
  [1m[36mArticle Destroy (1.8ms)[0m  [1m[31mDELETE FROM "articles" WHERE "articles"."id" = ?[0m  [["id", 6]]
  ↳ app/controllers/articles_controller.rb:40:in `destroy'
  [1m[36mTRANSACTION (0.2ms)[0m  [1m[36mcommit transaction[0m
  ↳ app/controllers/articles_controller.rb:40:in `destroy'
Redirected to http://127.0.0.1:3000/
Completed 303 See Other in 10ms (ActiveRecord: 2.2ms | Allocations: 2021)


Started GET "/" for 127.0.0.1 at 2024-02-07 13:56:24 -0600
Processing by ArticlesController#index as TURBO_STREAM
  Rendering layout layouts/application.html.erb
  Rendering articles/index.html.erb within layouts/application
  [1m[36mArticle Load (0.2ms)[0m  [1m[34mSELECT "articles".* FROM "articles"[0m
  ↳ app/views/articles/index.html.erb:4
  Rendered articles/index.html.erb within layouts/application (Duration: 3.3ms | Allocations: 614)
  Rendered layout layouts/application.html.erb (Duration: 9.8ms | Allocations: 1873)
Completed 200 OK in 12ms (Views: 11.3ms | ActiveRecord: 0.2ms | Allocations: 2128)


Started GET "/articles/5" for 127.0.0.1 at 2024-02-07 13:56:26 -0600
Processing by ArticlesController#show as HTML
  Parameters: {"id"=>"5"}
  [1m[36mArticle Load (0.1ms)[0m  [1m[34mSELECT "articles".* FROM "articles" WHERE "articles"."id" = ? LIMIT ?[0m  [["id", 5], ["LIMIT", 1]]
  ↳ app/controllers/articles_controller.rb:7:in `show'
  Rendering layout layouts/application.html.erb
  Rendering articles/show.html.erb within layouts/application
  Rendered articles/show.html.erb within layouts/application (Duration: 0.2ms | Allocations: 82)
  Rendered layout layouts/application.html.erb (Duration: 2.3ms | Allocations: 1328)
Completed 200 OK in 4ms (Views: 2.9ms | ActiveRecord: 0.1ms | Allocations: 1940)


Started DELETE "/articles/5" for 127.0.0.1 at 2024-02-07 13:56:29 -0600
Processing by ArticlesController#destroy as TURBO_STREAM
  Parameters: {"id"=>"5"}
  [1m[36mArticle Load (0.2ms)[0m  [1m[34mSELECT "articles".* FROM "articles" WHERE "articles"."id" = ? LIMIT ?[0m  [["id", 5], ["LIMIT", 1]]
  ↳ app/controllers/articles_controller.rb:39:in `destroy'
  [1m[36mTRANSACTION (0.5ms)[0m  [1m[36mbegin transaction[0m
  ↳ app/controllers/articles_controller.rb:40:in `destroy'
  [1m[36mArticle Destroy (3.3ms)[0m  [1m[31mDELETE FROM "articles" WHERE "articles"."id" = ?[0m  [["id", 5]]
  ↳ app/controllers/articles_controller.rb:40:in `destroy'
  [1m[36mTRANSACTION (0.9ms)[0m  [1m[36mcommit transaction[0m
  ↳ app/controllers/articles_controller.rb:40:in `destroy'
Redirected to http://127.0.0.1:3000/
Completed 303 See Other in 13ms (ActiveRecord: 4.6ms | Allocations: 1917)


Started GET "/" for 127.0.0.1 at 2024-02-07 13:56:29 -0600
Processing by ArticlesController#index as TURBO_STREAM
  Rendering layout layouts/application.html.erb
  Rendering articles/index.html.erb within layouts/application
  [1m[36mArticle Load (0.2ms)[0m  [1m[34mSELECT "articles".* FROM "articles"[0m
  ↳ app/views/articles/index.html.erb:4
  Rendered articles/index.html.erb within layouts/application (Duration: 2.6ms | Allocations: 578)
  Rendered layout layouts/application.html.erb (Duration: 6.9ms | Allocations: 1822)
Completed 200 OK in 10ms (Views: 8.9ms | ActiveRecord: 0.2ms | Allocations: 2077)


Started GET "/articles/4" for 127.0.0.1 at 2024-02-07 13:56:32 -0600
Processing by ArticlesController#show as HTML
  Parameters: {"id"=>"4"}
  [1m[36mArticle Load (0.1ms)[0m  [1m[34mSELECT "articles".* FROM "articles" WHERE "articles"."id" = ? LIMIT ?[0m  [["id", 4], ["LIMIT", 1]]
  ↳ app/controllers/articles_controller.rb:7:in `show'
  Rendering layout layouts/application.html.erb
  Rendering articles/show.html.erb within layouts/application
  Rendered articles/show.html.erb within layouts/application (Duration: 0.2ms | Allocations: 82)
  Rendered layout layouts/application.html.erb (Duration: 2.0ms | Allocations: 1329)
Completed 200 OK in 4ms (Views: 2.4ms | ActiveRecord: 0.1ms | Allocations: 1941)


Started DELETE "/articles/4" for 127.0.0.1 at 2024-02-07 13:56:35 -0600
Processing by ArticlesController#destroy as TURBO_STREAM
  Parameters: {"id"=>"4"}
  [1m[36mArticle Load (0.1ms)[0m  [1m[34mSELECT "articles".* FROM "articles" WHERE "articles"."id" = ? LIMIT ?[0m  [["id", 4], ["LIMIT", 1]]
  ↳ app/controllers/articles_controller.rb:39:in `destroy'
  [1m[36mTRANSACTION (0.1ms)[0m  [1m[36mbegin transaction[0m
  ↳ app/controllers/articles_controller.rb:40:in `destroy'
  [1m[36mArticle Destroy (2.2ms)[0m  [1m[31mDELETE FROM "articles" WHERE "articles"."id" = ?[0m  [["id", 4]]
  ↳ app/controllers/articles_controller.rb:40:in `destroy'
  [1m[36mTRANSACTION (0.3ms)[0m  [1m[36mcommit transaction[0m
  ↳ app/controllers/articles_controller.rb:40:in `destroy'
Redirected to http://127.0.0.1:3000/
Completed 303 See Other in 12ms (ActiveRecord: 2.6ms | Allocations: 1881)


Started GET "/" for 127.0.0.1 at 2024-02-07 13:56:35 -0600
Processing by ArticlesController#index as TURBO_STREAM
  Rendering layout layouts/application.html.erb
  Rendering articles/index.html.erb within layouts/application
  [1m[36mArticle Load (0.1ms)[0m  [1m[34mSELECT "articles".* FROM "articles"[0m
  ↳ app/views/articles/index.html.erb:4
  Rendered articles/index.html.erb within layouts/application (Duration: 1.5ms | Allocations: 541)
  Rendered layout layouts/application.html.erb (Duration: 11.4ms | Allocations: 1785)
Completed 200 OK in 13ms (Views: 12.1ms | ActiveRecord: 0.1ms | Allocations: 2041)


Started GET "/articles/3" for 127.0.0.1 at 2024-02-07 13:56:37 -0600
Processing by ArticlesController#show as HTML
  Parameters: {"id"=>"3"}
  [1m[36mArticle Load (0.1ms)[0m  [1m[34mSELECT "articles".* FROM "articles" WHERE "articles"."id" = ? LIMIT ?[0m  [["id", 3], ["LIMIT", 1]]
  ↳ app/controllers/articles_controller.rb:7:in `show'
  Rendering layout layouts/application.html.erb
  Rendering articles/show.html.erb within layouts/application
  Rendered articles/show.html.erb within layouts/application (Duration: 0.2ms | Allocations: 82)
  Rendered layout layouts/application.html.erb (Duration: 1.9ms | Allocations: 1326)
Completed 200 OK in 4ms (Views: 2.3ms | ActiveRecord: 0.1ms | Allocations: 1938)


Started DELETE "/articles/3" for 127.0.0.1 at 2024-02-07 13:56:39 -0600
Processing by ArticlesController#destroy as TURBO_STREAM
  Parameters: {"id"=>"3"}
  [1m[36mArticle Load (0.2ms)[0m  [1m[34mSELECT "articles".* FROM "articles" WHERE "articles"."id" = ? LIMIT ?[0m  [["id", 3], ["LIMIT", 1]]
  ↳ app/controllers/articles_controller.rb:39:in `destroy'
  [1m[36mTRANSACTION (0.1ms)[0m  [1m[36mbegin transaction[0m
  ↳ app/controllers/articles_controller.rb:40:in `destroy'
  [1m[36mArticle Destroy (1.2ms)[0m  [1m[31mDELETE FROM "articles" WHERE "articles"."id" = ?[0m  [["id", 3]]
  ↳ app/controllers/articles_controller.rb:40:in `destroy'
  [1m[36mTRANSACTION (0.3ms)[0m  [1m[36mcommit transaction[0m
  ↳ app/controllers/articles_controller.rb:40:in `destroy'
Redirected to http://127.0.0.1:3000/
Completed 303 See Other in 11ms (ActiveRecord: 1.7ms | Allocations: 1911)


Started GET "/" for 127.0.0.1 at 2024-02-07 13:56:39 -0600
Processing by ArticlesController#index as TURBO_STREAM
  Rendering layout layouts/application.html.erb
  Rendering articles/index.html.erb within layouts/application
  [1m[36mArticle Load (0.1ms)[0m  [1m[34mSELECT "articles".* FROM "articles"[0m
  ↳ app/views/articles/index.html.erb:4
  Rendered articles/index.html.erb within layouts/application (Duration: 2.0ms | Allocations: 505)
  Rendered layout layouts/application.html.erb (Duration: 6.0ms | Allocations: 1752)
Completed 200 OK in 8ms (Views: 7.1ms | ActiveRecord: 0.1ms | Allocations: 2007)


Started GET "/articles/2" for 127.0.0.1 at 2024-02-07 13:56:41 -0600
Processing by ArticlesController#show as HTML
  Parameters: {"id"=>"2"}
  [1m[36mArticle Load (0.1ms)[0m  [1m[34mSELECT "articles".* FROM "articles" WHERE "articles"."id" = ? LIMIT ?[0m  [["id", 2], ["LIMIT", 1]]
  ↳ app/controllers/articles_controller.rb:7:in `show'
  Rendering layout layouts/application.html.erb
  Rendering articles/show.html.erb within layouts/application
  Rendered articles/show.html.erb within layouts/application (Duration: 0.2ms | Allocations: 82)
  Rendered layout layouts/application.html.erb (Duration: 2.2ms | Allocations: 1322)
Completed 200 OK in 4ms (Views: 2.7ms | ActiveRecord: 0.1ms | Allocations: 1934)


Started DELETE "/articles/2" for 127.0.0.1 at 2024-02-07 13:56:44 -0600
Processing by ArticlesController#destroy as TURBO_STREAM
  Parameters: {"id"=>"2"}
  [1m[36mArticle Load (0.2ms)[0m  [1m[34mSELECT "articles".* FROM "articles" WHERE "articles"."id" = ? LIMIT ?[0m  [["id", 2], ["LIMIT", 1]]
  ↳ app/controllers/articles_controller.rb:39:in `destroy'
  [1m[36mTRANSACTION (0.1ms)[0m  [1m[36mbegin transaction[0m
  ↳ app/controllers/articles_controller.rb:40:in `destroy'
  [1m[36mArticle Destroy (1.3ms)[0m  [1m[31mDELETE FROM "articles" WHERE "articles"."id" = ?[0m  [["id", 2]]
  ↳ app/controllers/articles_controller.rb:40:in `destroy'
  [1m[36mTRANSACTION (0.3ms)[0m  [1m[36mcommit transaction[0m
  ↳ app/controllers/articles_controller.rb:40:in `destroy'
Redirected to http://127.0.0.1:3000/
Completed 303 See Other in 10ms (ActiveRecord: 1.8ms | Allocations: 1896)


Started GET "/" for 127.0.0.1 at 2024-02-07 13:56:44 -0600
Processing by ArticlesController#index as TURBO_STREAM
  Rendering layout layouts/application.html.erb
  Rendering articles/index.html.erb within layouts/application
  [1m[36mArticle Load (0.2ms)[0m  [1m[34mSELECT "articles".* FROM "articles"[0m
  ↳ app/views/articles/index.html.erb:4
  Rendered articles/index.html.erb within layouts/application (Duration: 2.7ms | Allocations: 469)
  Rendered layout layouts/application.html.erb (Duration: 6.5ms | Allocations: 1737)
Completed 200 OK in 9ms (Views: 8.6ms | ActiveRecord: 0.2ms | Allocations: 1994)


Started GET "/" for 127.0.0.1 at 2024-02-07 13:56:46 -0600
Processing by ArticlesController#index as HTML
  Rendering layout layouts/application.html.erb
  Rendering articles/index.html.erb within layouts/application
  [1m[36mArticle Load (0.1ms)[0m  [1m[34mSELECT "articles".* FROM "articles"[0m
  ↳ app/views/articles/index.html.erb:4
  Rendered articles/index.html.erb within layouts/application (Duration: 2.1ms | Allocations: 469)
  Rendered layout layouts/application.html.erb (Duration: 5.8ms | Allocations: 1750)
Completed 200 OK in 7ms (Views: 6.5ms | ActiveRecord: 0.1ms | Allocations: 2000)


Started GET "/" for 127.0.0.1 at 2024-02-07 13:58:41 -0600
  [1m[36mActiveRecord::SchemaMigration Load (0.2ms)[0m  [1m[34mSELECT "schema_migrations"."version" FROM "schema_migrations" ORDER BY "schema_migrations"."version" ASC[0m
  
ActiveRecord::PendingMigrationError (

Migrations are pending. To resolve this issue, run:

        bin/rails db:migrate

You have 1 pending migration:

db/migrate/20240207195720_create_comments.rb


):
  
activerecord (7.1.3) lib/active_record/migration.rb:755:in `check_pending_migrations'
activerecord (7.1.3) lib/active_record/migration.rb:644:in `block (2 levels) in call'
activesupport (7.1.3) lib/active_support/file_update_checker.rb:85:in `execute'
activerecord (7.1.3) lib/active_record/migration.rb:649:in `block in call'
activerecord (7.1.3) lib/active_record/migration.rb:641:in `synchronize'
activerecord (7.1.3) lib/active_record/migration.rb:641:in `call'
actionpack (7.1.3) lib/action_dispatch/middleware/callbacks.rb:29:in `block in call'
activesupport (7.1.3) lib/active_support/callbacks.rb:101:in `run_callbacks'
actionpack (7.1.3) lib/action_dispatch/middleware/callbacks.rb:28:in `call'
actionpack (7.1.3) lib/action_dispatch/middleware/executor.rb:14:in `call'
actionpack (7.1.3) lib/action_dispatch/middleware/actionable_exceptions.rb:16:in `call'
actionpack (7.1.3) lib/action_dispatch/middleware/debug_exceptions.rb:29:in `call'
web-console (4.2.1) lib/web_console/middleware.rb:132:in `call_app'
web-console (4.2.1) lib/web_console/middleware.rb:28:in `block in call'
web-console (4.2.1) lib/web_console/middleware.rb:17:in `catch'
web-console (4.2.1) lib/web_console/middleware.rb:17:in `call'
actionpack (7.1.3) lib/action_dispatch/middleware/show_exceptions.rb:31:in `call'
railties (7.1.3) lib/rails/rack/logger.rb:37:in `call_app'
railties (7.1.3) lib/rails/rack/logger.rb:24:in `block in call'
activesupport (7.1.3) lib/active_support/tagged_logging.rb:135:in `block in tagged'
activesupport (7.1.3) lib/active_support/tagged_logging.rb:39:in `tagged'
activesupport (7.1.3) lib/active_support/tagged_logging.rb:135:in `tagged'
activesupport (7.1.3) lib/active_support/broadcast_logger.rb:240:in `method_missing'
railties (7.1.3) lib/rails/rack/logger.rb:24:in `call'
sprockets-rails (3.4.2) lib/sprockets/rails/quiet_assets.rb:13:in `call'
actionpack (7.1.3) lib/action_dispatch/middleware/remote_ip.rb:92:in `call'
actionpack (7.1.3) lib/action_dispatch/middleware/request_id.rb:28:in `call'
rack (3.0.9) lib/rack/method_override.rb:28:in `call'
rack (3.0.9) lib/rack/runtime.rb:24:in `call'
activesupport (7.1.3) lib/active_support/cache/strategy/local_cache_middleware.rb:29:in `call'
actionpack (7.1.3) lib/action_dispatch/middleware/server_timing.rb:59:in `block in call'
actionpack (7.1.3) lib/action_dispatch/middleware/server_timing.rb:24:in `collect_events'
actionpack (7.1.3) lib/action_dispatch/middleware/server_timing.rb:58:in `call'
actionpack (7.1.3) lib/action_dispatch/middleware/executor.rb:14:in `call'
actionpack (7.1.3) lib/action_dispatch/middleware/static.rb:25:in `call'
rack (3.0.9) lib/rack/sendfile.rb:114:in `call'
actionpack (7.1.3) lib/action_dispatch/middleware/host_authorization.rb:141:in `call'
railties (7.1.3) lib/rails/engine.rb:536:in `call'
puma (6.4.2) lib/puma/configuration.rb:272:in `call'
puma (6.4.2) lib/puma/request.rb:100:in `block in handle_request'
puma (6.4.2) lib/puma/thread_pool.rb:378:in `with_force_shutdown'
puma (6.4.2) lib/puma/request.rb:99:in `handle_request'
puma (6.4.2) lib/puma/server.rb:464:in `process_client'
puma (6.4.2) lib/puma/server.rb:245:in `block in run'
puma (6.4.2) lib/puma/thread_pool.rb:155:in `block in spawn_thread'
Started GET "/" for 127.0.0.1 at 2024-02-07 14:00:25 -0600
  [1m[36mActiveRecord::SchemaMigration Load (0.1ms)[0m  [1m[34mSELECT "schema_migrations"."version" FROM "schema_migrations" ORDER BY "schema_migrations"."version" ASC[0m
  
ActiveRecord::PendingMigrationError (

Migrations are pending. To resolve this issue, run:

        bin/rails db:migrate

You have 1 pending migration:

db/migrate/20240207195720_create_comments.rb


):
  
activerecord (7.1.3) lib/active_record/migration.rb:755:in `check_pending_migrations'
activerecord (7.1.3) lib/active_record/migration.rb:644:in `block (2 levels) in call'
activesupport (7.1.3) lib/active_support/file_update_checker.rb:85:in `execute'
activerecord (7.1.3) lib/active_record/migration.rb:649:in `block in call'
activerecord (7.1.3) lib/active_record/migration.rb:641:in `synchronize'
activerecord (7.1.3) lib/active_record/migration.rb:641:in `call'
actionpack (7.1.3) lib/action_dispatch/middleware/callbacks.rb:29:in `block in call'
activesupport (7.1.3) lib/active_support/callbacks.rb:101:in `run_callbacks'
actionpack (7.1.3) lib/action_dispatch/middleware/callbacks.rb:28:in `call'
actionpack (7.1.3) lib/action_dispatch/middleware/executor.rb:14:in `call'
actionpack (7.1.3) lib/action_dispatch/middleware/actionable_exceptions.rb:16:in `call'
actionpack (7.1.3) lib/action_dispatch/middleware/debug_exceptions.rb:29:in `call'
web-console (4.2.1) lib/web_console/middleware.rb:132:in `call_app'
web-console (4.2.1) lib/web_console/middleware.rb:28:in `block in call'
web-console (4.2.1) lib/web_console/middleware.rb:17:in `catch'
web-console (4.2.1) lib/web_console/middleware.rb:17:in `call'
actionpack (7.1.3) lib/action_dispatch/middleware/show_exceptions.rb:31:in `call'
railties (7.1.3) lib/rails/rack/logger.rb:37:in `call_app'
railties (7.1.3) lib/rails/rack/logger.rb:24:in `block in call'
activesupport (7.1.3) lib/active_support/tagged_logging.rb:135:in `block in tagged'
activesupport (7.1.3) lib/active_support/tagged_logging.rb:39:in `tagged'
activesupport (7.1.3) lib/active_support/tagged_logging.rb:135:in `tagged'
activesupport (7.1.3) lib/active_support/broadcast_logger.rb:240:in `method_missing'
railties (7.1.3) lib/rails/rack/logger.rb:24:in `call'
sprockets-rails (3.4.2) lib/sprockets/rails/quiet_assets.rb:13:in `call'
actionpack (7.1.3) lib/action_dispatch/middleware/remote_ip.rb:92:in `call'
actionpack (7.1.3) lib/action_dispatch/middleware/request_id.rb:28:in `call'
rack (3.0.9) lib/rack/method_override.rb:28:in `call'
rack (3.0.9) lib/rack/runtime.rb:24:in `call'
activesupport (7.1.3) lib/active_support/cache/strategy/local_cache_middleware.rb:29:in `call'
actionpack (7.1.3) lib/action_dispatch/middleware/server_timing.rb:59:in `block in call'
actionpack (7.1.3) lib/action_dispatch/middleware/server_timing.rb:24:in `collect_events'
actionpack (7.1.3) lib/action_dispatch/middleware/server_timing.rb:58:in `call'
actionpack (7.1.3) lib/action_dispatch/middleware/executor.rb:14:in `call'
actionpack (7.1.3) lib/action_dispatch/middleware/static.rb:25:in `call'
rack (3.0.9) lib/rack/sendfile.rb:114:in `call'
actionpack (7.1.3) lib/action_dispatch/middleware/host_authorization.rb:141:in `call'
railties (7.1.3) lib/rails/engine.rb:536:in `call'
puma (6.4.2) lib/puma/configuration.rb:272:in `call'
puma (6.4.2) lib/puma/request.rb:100:in `block in handle_request'
puma (6.4.2) lib/puma/thread_pool.rb:378:in `with_force_shutdown'
puma (6.4.2) lib/puma/request.rb:99:in `handle_request'
puma (6.4.2) lib/puma/server.rb:464:in `process_client'
puma (6.4.2) lib/puma/server.rb:245:in `block in run'
puma (6.4.2) lib/puma/thread_pool.rb:155:in `block in spawn_thread'
Started GET "/" for 127.0.0.1 at 2024-02-07 14:00:28 -0600
  [1m[36mActiveRecord::SchemaMigration Load (0.1ms)[0m  [1m[34mSELECT "schema_migrations"."version" FROM "schema_migrations" ORDER BY "schema_migrations"."version" ASC[0m
  
ActiveRecord::PendingMigrationError (

Migrations are pending. To resolve this issue, run:

        bin/rails db:migrate

You have 1 pending migration:

db/migrate/20240207195720_create_comments.rb


):
  
activerecord (7.1.3) lib/active_record/migration.rb:755:in `check_pending_migrations'
activerecord (7.1.3) lib/active_record/migration.rb:644:in `block (2 levels) in call'
activesupport (7.1.3) lib/active_support/file_update_checker.rb:85:in `execute'
activerecord (7.1.3) lib/active_record/migration.rb:649:in `block in call'
activerecord (7.1.3) lib/active_record/migration.rb:641:in `synchronize'
activerecord (7.1.3) lib/active_record/migration.rb:641:in `call'
actionpack (7.1.3) lib/action_dispatch/middleware/callbacks.rb:29:in `block in call'
activesupport (7.1.3) lib/active_support/callbacks.rb:101:in `run_callbacks'
actionpack (7.1.3) lib/action_dispatch/middleware/callbacks.rb:28:in `call'
actionpack (7.1.3) lib/action_dispatch/middleware/executor.rb:14:in `call'
actionpack (7.1.3) lib/action_dispatch/middleware/actionable_exceptions.rb:16:in `call'
actionpack (7.1.3) lib/action_dispatch/middleware/debug_exceptions.rb:29:in `call'
web-console (4.2.1) lib/web_console/middleware.rb:132:in `call_app'
web-console (4.2.1) lib/web_console/middleware.rb:28:in `block in call'
web-console (4.2.1) lib/web_console/middleware.rb:17:in `catch'
web-console (4.2.1) lib/web_console/middleware.rb:17:in `call'
actionpack (7.1.3) lib/action_dispatch/middleware/show_exceptions.rb:31:in `call'
railties (7.1.3) lib/rails/rack/logger.rb:37:in `call_app'
railties (7.1.3) lib/rails/rack/logger.rb:24:in `block in call'
activesupport (7.1.3) lib/active_support/tagged_logging.rb:135:in `block in tagged'
activesupport (7.1.3) lib/active_support/tagged_logging.rb:39:in `tagged'
activesupport (7.1.3) lib/active_support/tagged_logging.rb:135:in `tagged'
activesupport (7.1.3) lib/active_support/broadcast_logger.rb:240:in `method_missing'
railties (7.1.3) lib/rails/rack/logger.rb:24:in `call'
sprockets-rails (3.4.2) lib/sprockets/rails/quiet_assets.rb:13:in `call'
actionpack (7.1.3) lib/action_dispatch/middleware/remote_ip.rb:92:in `call'
actionpack (7.1.3) lib/action_dispatch/middleware/request_id.rb:28:in `call'
rack (3.0.9) lib/rack/method_override.rb:28:in `call'
rack (3.0.9) lib/rack/runtime.rb:24:in `call'
activesupport (7.1.3) lib/active_support/cache/strategy/local_cache_middleware.rb:29:in `call'
actionpack (7.1.3) lib/action_dispatch/middleware/server_timing.rb:59:in `block in call'
actionpack (7.1.3) lib/action_dispatch/middleware/server_timing.rb:24:in `collect_events'
actionpack (7.1.3) lib/action_dispatch/middleware/server_timing.rb:58:in `call'
actionpack (7.1.3) lib/action_dispatch/middleware/executor.rb:14:in `call'
actionpack (7.1.3) lib/action_dispatch/middleware/static.rb:25:in `call'
rack (3.0.9) lib/rack/sendfile.rb:114:in `call'
actionpack (7.1.3) lib/action_dispatch/middleware/host_authorization.rb:141:in `call'
railties (7.1.3) lib/rails/engine.rb:536:in `call'
puma (6.4.2) lib/puma/configuration.rb:272:in `call'
puma (6.4.2) lib/puma/request.rb:100:in `block in handle_request'
puma (6.4.2) lib/puma/thread_pool.rb:378:in `with_force_shutdown'
puma (6.4.2) lib/puma/request.rb:99:in `handle_request'
puma (6.4.2) lib/puma/server.rb:464:in `process_client'
puma (6.4.2) lib/puma/server.rb:245:in `block in run'
puma (6.4.2) lib/puma/thread_pool.rb:155:in `block in spawn_thread'
Started GET "/" for 127.0.0.1 at 2024-02-07 14:01:40 -0600
  [1m[36mActiveRecord::SchemaMigration Load (0.1ms)[0m  [1m[34mSELECT "schema_migrations"."version" FROM "schema_migrations" ORDER BY "schema_migrations"."version" ASC[0m
Processing by ArticlesController#index as HTML
  Rendering layout layouts/application.html.erb
  Rendering articles/index.html.erb within layouts/application
  [1m[36mArticle Load (0.1ms)[0m  [1m[34mSELECT "articles".* FROM "articles"[0m
  ↳ app/views/articles/index.html.erb:4
  Rendered articles/index.html.erb within layouts/application (Duration: 48.0ms | Allocations: 9937)
  Rendered layout layouts/application.html.erb (Duration: 147.4ms | Allocations: 44124)
Completed 200 OK in 186ms (Views: 161.2ms | ActiveRecord: 2.0ms | Allocations: 54082)


Started GET "/" for 127.0.0.1 at 2024-02-10 14:40:23 -0600
  [1m[36mActiveRecord::SchemaMigration Load (0.5ms)[0m  [1m[34mSELECT "schema_migrations"."version" FROM "schema_migrations" ORDER BY "schema_migrations"."version" ASC[0m
Processing by ArticlesController#index as HTML
  Rendering layout layouts/application.html.erb
  Rendering articles/index.html.erb within layouts/application
  [1m[36mArticle Load (0.6ms)[0m  [1m[34mSELECT "articles".* FROM "articles"[0m
  ↳ app/views/articles/index.html.erb:4
  Rendered articles/index.html.erb within layouts/application (Duration: 48.7ms | Allocations: 9937)
  Rendered layout layouts/application.html.erb (Duration: 175.5ms | Allocations: 44110)
Completed 200 OK in 244ms (Views: 180.7ms | ActiveRecord: 2.3ms | Allocations: 54070)


Started GET "/articles/1" for 127.0.0.1 at 2024-02-10 14:40:27 -0600
Processing by ArticlesController#show as HTML
  Parameters: {"id"=>"1"}
  [1m[36mArticle Load (0.1ms)[0m  [1m[34mSELECT "articles".* FROM "articles" WHERE "articles"."id" = ? LIMIT ?[0m  [["id", 1], ["LIMIT", 1]]
  ↳ app/controllers/articles_controller.rb:7:in `show'
  Rendering layout layouts/application.html.erb
  Rendering articles/show.html.erb within layouts/application
  Rendered articles/show.html.erb within layouts/application (Duration: 1.0ms | Allocations: 264)
  Rendered layout layouts/application.html.erb (Duration: 11.0ms | Allocations: 2485)
Completed 200 OK in 23ms (Views: 12.0ms | ActiveRecord: 0.1ms | Allocations: 5010)


Started GET "/articles/new" for 127.0.0.1 at 2024-02-10 14:40:32 -0600
Processing by ArticlesController#new as HTML
  Rendering layout layouts/application.html.erb
  Rendering articles/new.html.erb within layouts/application
  Rendered articles/_form.html.erb (Duration: 8.7ms | Allocations: 1991)
  Rendered articles/new.html.erb within layouts/application (Duration: 10.9ms | Allocations: 2266)
  Rendered layout layouts/application.html.erb (Duration: 13.0ms | Allocations: 3352)
Completed 200 OK in 15ms (Views: 13.7ms | ActiveRecord: 0.0ms | Allocations: 3712)


Started POST "/articles" for 127.0.0.1 at 2024-02-10 14:40:39 -0600
Processing by ArticlesController#create as TURBO_STREAM
  Parameters: {"authenticity_token"=>"[FILTERED]", "article"=>{"title"=>"h", "body"=>"hbf"}, "commit"=>"Create Article"}
  Rendering layout layouts/application.html.erb
  Rendering articles/new.html.erb within layouts/application
  Rendered articles/_form.html.erb (Duration: 5.9ms | Allocations: 1436)
  Rendered articles/new.html.erb within layouts/application (Duration: 6.8ms | Allocations: 1543)
  Rendered layout layouts/application.html.erb (Duration: 17.4ms | Allocations: 2625)
Completed 422 Unprocessable Entity in 25ms (Views: 20.1ms | ActiveRecord: 0.0ms | Allocations: 4037)


Started POST "/articles" for 127.0.0.1 at 2024-02-10 14:40:43 -0600
Processing by ArticlesController#create as TURBO_STREAM
  Parameters: {"authenticity_token"=>"[FILTERED]", "article"=>{"title"=>"h", "body"=>"hbfjtgrjtgrji"}, "commit"=>"Create Article"}
  [1m[36mTRANSACTION (0.5ms)[0m  [1m[36mbegin transaction[0m
  ↳ app/controllers/articles_controller.rb:17:in `create'
  [1m[36mArticle Create (5.3ms)[0m  [1m[32mINSERT INTO "articles" ("title", "body", "created_at", "updated_at") VALUES (?, ?, ?, ?) RETURNING "id"[0m  [["title", "h"], ["body", "hbfjtgrjtgrji"], ["created_at", "2024-02-10 20:40:43.829894"], ["updated_at", "2024-02-10 20:40:43.829894"]]
  ↳ app/controllers/articles_controller.rb:17:in `create'
  [1m[36mTRANSACTION (7.7ms)[0m  [1m[36mcommit transaction[0m
  ↳ app/controllers/articles_controller.rb:17:in `create'
Redirected to http://127.0.0.1:3000/articles/7
Completed 302 Found in 32ms (ActiveRecord: 13.4ms | Allocations: 3064)


Started GET "/articles/7" for 127.0.0.1 at 2024-02-10 14:40:43 -0600
Processing by ArticlesController#show as TURBO_STREAM
  Parameters: {"id"=>"7"}
  [1m[36mArticle Load (0.2ms)[0m  [1m[34mSELECT "articles".* FROM "articles" WHERE "articles"."id" = ? LIMIT ?[0m  [["id", 7], ["LIMIT", 1]]
  ↳ app/controllers/articles_controller.rb:7:in `show'
  Rendering layout layouts/application.html.erb
  Rendering articles/show.html.erb within layouts/application
  Rendered articles/show.html.erb within layouts/application (Duration: 0.4ms | Allocations: 82)
  Rendered layout layouts/application.html.erb (Duration: 4.1ms | Allocations: 1331)
Completed 200 OK in 9ms (Views: 5.5ms | ActiveRecord: 0.2ms | Allocations: 1947)


Started GET "/articles/7" for 127.0.0.1 at 2024-02-10 14:40:45 -0600
Processing by ArticlesController#show as HTML
  Parameters: {"id"=>"7"}
  [1m[36mArticle Load (0.2ms)[0m  [1m[34mSELECT "articles".* FROM "articles" WHERE "articles"."id" = ? LIMIT ?[0m  [["id", 7], ["LIMIT", 1]]
  ↳ app/controllers/articles_controller.rb:7:in `show'
  Rendering layout layouts/application.html.erb
  Rendering articles/show.html.erb within layouts/application
  Rendered articles/show.html.erb within layouts/application (Duration: 0.3ms | Allocations: 82)
  Rendered layout layouts/application.html.erb (Duration: 2.8ms | Allocations: 1334)
Completed 200 OK in 6ms (Views: 3.5ms | ActiveRecord: 0.2ms | Allocations: 1968)


Started GET "/articles/new" for 127.0.0.1 at 2024-02-10 14:40:48 -0600
Processing by ArticlesController#new as HTML
  Rendering layout layouts/application.html.erb
  Rendering articles/new.html.erb within layouts/application
  Rendered articles/_form.html.erb (Duration: 4.0ms | Allocations: 734)
  Rendered articles/new.html.erb within layouts/application (Duration: 4.5ms | Allocations: 797)
  Rendered layout layouts/application.html.erb (Duration: 7.8ms | Allocations: 1883)
Completed 200 OK in 9ms (Views: 8.7ms | ActiveRecord: 0.0ms | Allocations: 2141)


Started GET "/" for 127.0.0.1 at 2024-02-10 14:40:49 -0600
Processing by ArticlesController#index as HTML
  Rendering layout layouts/application.html.erb
  Rendering articles/index.html.erb within layouts/application
  [1m[36mArticle Load (0.1ms)[0m  [1m[34mSELECT "articles".* FROM "articles"[0m
  ↳ app/views/articles/index.html.erb:4
  Rendered articles/index.html.erb within layouts/application (Duration: 3.0ms | Allocations: 509)
  Rendered layout layouts/application.html.erb (Duration: 7.1ms | Allocations: 1756)
Completed 200 OK in 9ms (Views: 8.1ms | ActiveRecord: 0.1ms | Allocations: 2009)


Started GET "/" for 127.0.0.1 at 2024-02-10 14:40:51 -0600
Processing by ArticlesController#index as HTML
  Rendering layout layouts/application.html.erb
  Rendering articles/index.html.erb within layouts/application
  [1m[36mArticle Load (0.2ms)[0m  [1m[34mSELECT "articles".* FROM "articles"[0m
  ↳ app/views/articles/index.html.erb:4
  Rendered articles/index.html.erb within layouts/application (Duration: 2.5ms | Allocations: 505)
  Rendered layout layouts/application.html.erb (Duration: 7.8ms | Allocations: 1785)
Completed 200 OK in 10ms (Views: 9.0ms | ActiveRecord: 0.1ms | Allocations: 2035)


Started GET "/articles/7" for 127.0.0.1 at 2024-02-10 14:40:53 -0600
Processing by ArticlesController#show as HTML
  Parameters: {"id"=>"7"}
  [1m[36mArticle Load (0.1ms)[0m  [1m[34mSELECT "articles".* FROM "articles" WHERE "articles"."id" = ? LIMIT ?[0m  [["id", 7], ["LIMIT", 1]]
  ↳ app/controllers/articles_controller.rb:7:in `show'
  Rendering layout layouts/application.html.erb
  Rendering articles/show.html.erb within layouts/application
  Rendered articles/show.html.erb within layouts/application (Duration: 0.3ms | Allocations: 82)
  Rendered layout layouts/application.html.erb (Duration: 4.3ms | Allocations: 1355)
Completed 200 OK in 7ms (Views: 4.9ms | ActiveRecord: 0.1ms | Allocations: 1967)


Started GET "/articles/7/edit" for 127.0.0.1 at 2024-02-10 14:40:54 -0600
Processing by ArticlesController#edit as HTML
  Parameters: {"id"=>"7"}
  [1m[36mArticle Load (0.1ms)[0m  [1m[34mSELECT "articles".* FROM "articles" WHERE "articles"."id" = ? LIMIT ?[0m  [["id", 7], ["LIMIT", 1]]
  ↳ app/controllers/articles_controller.rb:25:in `edit'
  Rendering layout layouts/application.html.erb
  Rendering articles/edit.html.erb within layouts/application
  Rendered articles/_form.html.erb (Duration: 1.5ms | Allocations: 795)
  Rendered articles/edit.html.erb within layouts/application (Duration: 2.5ms | Allocations: 968)
  Rendered layout layouts/application.html.erb (Duration: 4.2ms | Allocations: 2051)
Completed 200 OK in 14ms (Views: 5.0ms | ActiveRecord: 0.1ms | Allocations: 2738)


Started PATCH "/articles/7" for 127.0.0.1 at 2024-02-10 14:40:58 -0600
Processing by ArticlesController#update as TURBO_STREAM
  Parameters: {"authenticity_token"=>"[FILTERED]", "article"=>{"title"=>"he", "body"=>"hbfjtgrjtgrji"}, "commit"=>"Update Article", "id"=>"7"}
  [1m[36mArticle Load (0.2ms)[0m  [1m[34mSELECT "articles".* FROM "articles" WHERE "articles"."id" = ? LIMIT ?[0m  [["id", 7], ["LIMIT", 1]]
  ↳ app/controllers/articles_controller.rb:29:in `update'
  [1m[36mTRANSACTION (0.1ms)[0m  [1m[36mbegin transaction[0m
  ↳ app/controllers/articles_controller.rb:31:in `update'
  [1m[36mArticle Update (3.2ms)[0m  [1m[33mUPDATE "articles" SET "title" = ?, "updated_at" = ? WHERE "articles"."id" = ?[0m  [["title", "he"], ["updated_at", "2024-02-10 20:40:58.601372"], ["id", 7]]
  ↳ app/controllers/articles_controller.rb:31:in `update'
  [1m[36mTRANSACTION (0.6ms)[0m  [1m[36mcommit transaction[0m
  ↳ app/controllers/articles_controller.rb:31:in `update'
Redirected to http://127.0.0.1:3000/articles/7
Completed 302 Found in 19ms (ActiveRecord: 3.8ms | Allocations: 2543)


Started GET "/articles/7" for 127.0.0.1 at 2024-02-10 14:40:58 -0600
Processing by ArticlesController#show as TURBO_STREAM
  Parameters: {"id"=>"7"}
  [1m[36mArticle Load (0.2ms)[0m  [1m[34mSELECT "articles".* FROM "articles" WHERE "articles"."id" = ? LIMIT ?[0m  [["id", 7], ["LIMIT", 1]]
  ↳ app/controllers/articles_controller.rb:7:in `show'
  Rendering layout layouts/application.html.erb
  Rendering articles/show.html.erb within layouts/application
  Rendered articles/show.html.erb within layouts/application (Duration: 0.6ms | Allocations: 82)
  Rendered layout layouts/application.html.erb (Duration: 5.7ms | Allocations: 1331)
Completed 200 OK in 10ms (Views: 6.5ms | ActiveRecord: 0.2ms | Allocations: 1946)


Started GET "/articles/7/edit" for 127.0.0.1 at 2024-02-10 14:41:00 -0600
Processing by ArticlesController#edit as HTML
  Parameters: {"id"=>"7"}
  [1m[36mArticle Load (0.2ms)[0m  [1m[34mSELECT "articles".* FROM "articles" WHERE "articles"."id" = ? LIMIT ?[0m  [["id", 7], ["LIMIT", 1]]
  ↳ app/controllers/articles_controller.rb:25:in `edit'
  Rendering layout layouts/application.html.erb
  Rendering articles/edit.html.erb within layouts/application
  Rendered articles/_form.html.erb (Duration: 2.3ms | Allocations: 761)
  Rendered articles/edit.html.erb within layouts/application (Duration: 2.7ms | Allocations: 824)
  Rendered layout layouts/application.html.erb (Duration: 5.7ms | Allocations: 1906)
Completed 200 OK in 10ms (Views: 6.7ms | ActiveRecord: 0.2ms | Allocations: 2518)


Started GET "/" for 127.0.0.1 at 2024-02-10 14:41:03 -0600
Processing by ArticlesController#index as HTML
  Rendering layout layouts/application.html.erb
  Rendering articles/index.html.erb within layouts/application
  [1m[36mArticle Load (0.2ms)[0m  [1m[34mSELECT "articles".* FROM "articles"[0m
  ↳ app/views/articles/index.html.erb:4
  Rendered articles/index.html.erb within layouts/application (Duration: 3.4ms | Allocations: 505)
  Rendered layout layouts/application.html.erb (Duration: 11.8ms | Allocations: 1755)
Completed 200 OK in 14ms (Views: 13.2ms | ActiveRecord: 0.2ms | Allocations: 2007)


Started GET "/" for 127.0.0.1 at 2024-02-10 14:41:05 -0600
Processing by ArticlesController#index as HTML
  Rendering layout layouts/application.html.erb
  Rendering articles/index.html.erb within layouts/application
  [1m[36mArticle Load (0.1ms)[0m  [1m[34mSELECT "articles".* FROM "articles"[0m
  ↳ app/views/articles/index.html.erb:4
  Rendered articles/index.html.erb within layouts/application (Duration: 1.9ms | Allocations: 513)
  Rendered layout layouts/application.html.erb (Duration: 4.8ms | Allocations: 1758)
Completed 200 OK in 7ms (Views: 5.8ms | ActiveRecord: 0.1ms | Allocations: 2008)


Started GET "/articles/7" for 127.0.0.1 at 2024-02-10 14:41:06 -0600
Processing by ArticlesController#show as HTML
  Parameters: {"id"=>"7"}
  [1m[36mArticle Load (0.1ms)[0m  [1m[34mSELECT "articles".* FROM "articles" WHERE "articles"."id" = ? LIMIT ?[0m  [["id", 7], ["LIMIT", 1]]
  ↳ app/controllers/articles_controller.rb:7:in `show'
  Rendering layout layouts/application.html.erb
  Rendering articles/show.html.erb within layouts/application
  Rendered articles/show.html.erb within layouts/application (Duration: 0.4ms | Allocations: 82)
  Rendered layout layouts/application.html.erb (Duration: 3.7ms | Allocations: 1343)
Completed 200 OK in 7ms (Views: 4.6ms | ActiveRecord: 0.1ms | Allocations: 1955)


Started DELETE "/articles/7" for 127.0.0.1 at 2024-02-10 14:41:08 -0600
Processing by ArticlesController#destroy as TURBO_STREAM
  Parameters: {"id"=>"7"}
  [1m[36mArticle Load (0.2ms)[0m  [1m[34mSELECT "articles".* FROM "articles" WHERE "articles"."id" = ? LIMIT ?[0m  [["id", 7], ["LIMIT", 1]]
  ↳ app/controllers/articles_controller.rb:39:in `destroy'
  [1m[36mTRANSACTION (0.1ms)[0m  [1m[36mbegin transaction[0m
  ↳ app/controllers/articles_controller.rb:40:in `destroy'
  [1m[36mArticle Destroy (1.4ms)[0m  [1m[31mDELETE FROM "articles" WHERE "articles"."id" = ?[0m  [["id", 7]]
  ↳ app/controllers/articles_controller.rb:40:in `destroy'
  [1m[36mTRANSACTION (0.2ms)[0m  [1m[36mcommit transaction[0m
  ↳ app/controllers/articles_controller.rb:40:in `destroy'
Redirected to http://127.0.0.1:3000/
Completed 303 See Other in 13ms (ActiveRecord: 1.9ms | Allocations: 1961)


Started GET "/" for 127.0.0.1 at 2024-02-10 14:41:08 -0600
Processing by ArticlesController#index as TURBO_STREAM
  Rendering layout layouts/application.html.erb
  Rendering articles/index.html.erb within layouts/application
  [1m[36mArticle Load (0.1ms)[0m  [1m[34mSELECT "articles".* FROM "articles"[0m
  ↳ app/views/articles/index.html.erb:4
  Rendered articles/index.html.erb within layouts/application (Duration: 2.7ms | Allocations: 469)
  Rendered layout layouts/application.html.erb (Duration: 8.1ms | Allocations: 1725)
Completed 200 OK in 11ms (Views: 9.7ms | ActiveRecord: 0.1ms | Allocations: 1980)


Started GET "/" for 127.0.0.1 at 2024-02-10 14:41:17 -0600
Processing by ArticlesController#index as HTML
  Rendering layout layouts/application.html.erb
  Rendering articles/index.html.erb within layouts/application
  [1m[36mArticle Load (0.4ms)[0m  [1m[34mSELECT "articles".* FROM "articles"[0m
  ↳ app/views/articles/index.html.erb:4
  Rendered articles/index.html.erb within layouts/application (Duration: 4.0ms | Allocations: 469)
  Rendered layout layouts/application.html.erb (Duration: 13.8ms | Allocations: 1730)
Completed 200 OK in 25ms (Views: 22.8ms | ActiveRecord: 0.3ms | Allocations: 1987)


Started GET "/" for 127.0.0.1 at 2024-02-10 14:52:08 -0600
  [1m[36mActiveRecord::SchemaMigration Load (0.2ms)[0m  [1m[34mSELECT "schema_migrations"."version" FROM "schema_migrations" ORDER BY "schema_migrations"."version" ASC[0m
Processing by ArticlesController#index as HTML
  Rendering layout layouts/application.html.erb
  Rendering articles/index.html.erb within layouts/application
  [1m[36mArticle Load (0.3ms)[0m  [1m[34mSELECT "articles".* FROM "articles"[0m
  ↳ app/views/articles/index.html.erb:4
  Rendered articles/index.html.erb within layouts/application (Duration: 55.1ms | Allocations: 9937)
  Rendered layout layouts/application.html.erb (Duration: 224.5ms | Allocations: 45246)
Completed 200 OK in 264ms (Views: 224.9ms | ActiveRecord: 6.0ms | Allocations: 55204)


Started GET "/articles/1" for 127.0.0.1 at 2024-02-10 14:52:13 -0600
Processing by ArticlesController#show as HTML
  Parameters: {"id"=>"1"}
  [1m[36mArticle Load (0.2ms)[0m  [1m[34mSELECT "articles".* FROM "articles" WHERE "articles"."id" = ? LIMIT ?[0m  [["id", 1], ["LIMIT", 1]]
  ↳ app/controllers/articles_controller.rb:7:in `show'
  Rendering layout layouts/application.html.erb
  Rendering articles/show.html.erb within layouts/application
  Rendered articles/show.html.erb within layouts/application (Duration: 1.5ms | Allocations: 268)
  Rendered layout layouts/application.html.erb (Duration: 3.9ms | Allocations: 1519)
Completed 200 OK in 9ms (Views: 4.6ms | ActiveRecord: 0.1ms | Allocations: 4044)


Started GET "/articles/new" for 127.0.0.1 at 2024-02-10 14:52:15 -0600
Processing by ArticlesController#new as HTML
  Rendering layout layouts/application.html.erb
  Rendering articles/new.html.erb within layouts/application
  Rendered articles/_form.html.erb (Duration: 9.5ms | Allocations: 2003)
  Rendered articles/new.html.erb within layouts/application (Duration: 10.9ms | Allocations: 2278)
  Rendered layout layouts/application.html.erb (Duration: 13.1ms | Allocations: 3364)
Completed 200 OK in 15ms (Views: 14.1ms | ActiveRecord: 0.0ms | Allocations: 3724)


Started POST "/articles" for 127.0.0.1 at 2024-02-10 14:52:20 -0600
Processing by ArticlesController#create as TURBO_STREAM
  Parameters: {"authenticity_token"=>"[FILTERED]", "article"=>{"title"=>"tgjjtig", "body"=>"hgtruhreuhrehu"}, "commit"=>"Create Article"}
  [1m[36mTRANSACTION (0.1ms)[0m  [1m[36mbegin transaction[0m
  ↳ app/controllers/articles_controller.rb:17:in `create'
  [1m[36mArticle Create (2.1ms)[0m  [1m[32mINSERT INTO "articles" ("title", "body", "created_at", "updated_at") VALUES (?, ?, ?, ?) RETURNING "id"[0m  [["title", "tgjjtig"], ["body", "hgtruhreuhrehu"], ["created_at", "2024-02-10 20:52:20.997088"], ["updated_at", "2024-02-10 20:52:20.997088"]]
  ↳ app/controllers/articles_controller.rb:17:in `create'
  [1m[36mTRANSACTION (4.0ms)[0m  [1m[36mcommit transaction[0m
  ↳ app/controllers/articles_controller.rb:17:in `create'
Redirected to http://127.0.0.1:3000/articles/8
Completed 302 Found in 21ms (ActiveRecord: 6.0ms | Allocations: 3399)


Started GET "/articles/8" for 127.0.0.1 at 2024-02-10 14:52:21 -0600
Processing by ArticlesController#show as TURBO_STREAM
  Parameters: {"id"=>"8"}
  [1m[36mArticle Load (0.1ms)[0m  [1m[34mSELECT "articles".* FROM "articles" WHERE "articles"."id" = ? LIMIT ?[0m  [["id", 8], ["LIMIT", 1]]
  ↳ app/controllers/articles_controller.rb:7:in `show'
  Rendering layout layouts/application.html.erb
  Rendering articles/show.html.erb within layouts/application
  Rendered articles/show.html.erb within layouts/application (Duration: 0.6ms | Allocations: 82)
  Rendered layout layouts/application.html.erb (Duration: 5.5ms | Allocations: 1335)
Completed 200 OK in 10ms (Views: 6.8ms | ActiveRecord: 0.1ms | Allocations: 1997)


Started GET "/articles/new" for 127.0.0.1 at 2024-02-10 14:52:22 -0600
Processing by ArticlesController#new as HTML
  Rendering layout layouts/application.html.erb
  Rendering articles/new.html.erb within layouts/application
  Rendered articles/_form.html.erb (Duration: 4.0ms | Allocations: 735)
  Rendered articles/new.html.erb within layouts/application (Duration: 4.6ms | Allocations: 798)
  Rendered layout layouts/application.html.erb (Duration: 8.7ms | Allocations: 1893)
Completed 200 OK in 12ms (Views: 10.8ms | ActiveRecord: 0.0ms | Allocations: 2158)


Started GET "/" for 127.0.0.1 at 2024-02-10 14:52:23 -0600
Processing by ArticlesController#index as HTML
  Rendering layout layouts/application.html.erb
  Rendering articles/index.html.erb within layouts/application
  [1m[36mArticle Load (0.1ms)[0m  [1m[34mSELECT "articles".* FROM "articles"[0m
  ↳ app/views/articles/index.html.erb:4
  Rendered articles/index.html.erb within layouts/application (Duration: 1.9ms | Allocations: 505)
  Rendered layout layouts/application.html.erb (Duration: 5.9ms | Allocations: 1763)
Completed 200 OK in 7ms (Views: 6.6ms | ActiveRecord: 0.1ms | Allocations: 2015)


Started GET "/articles/8" for 127.0.0.1 at 2024-02-10 14:52:25 -0600
Processing by ArticlesController#show as HTML
  Parameters: {"id"=>"8"}
  [1m[36mArticle Load (0.1ms)[0m  [1m[34mSELECT "articles".* FROM "articles" WHERE "articles"."id" = ? LIMIT ?[0m  [["id", 8], ["LIMIT", 1]]
  ↳ app/controllers/articles_controller.rb:7:in `show'
  Rendering layout layouts/application.html.erb
  Rendering articles/show.html.erb within layouts/application
  Rendered articles/show.html.erb within layouts/application (Duration: 0.5ms | Allocations: 82)
  Rendered layout layouts/application.html.erb (Duration: 9.7ms | Allocations: 1319)
Completed 200 OK in 12ms (Views: 10.5ms | ActiveRecord: 0.1ms | Allocations: 1931)


Started GET "/articles/8/edit" for 127.0.0.1 at 2024-02-10 14:52:26 -0600
Processing by ArticlesController#edit as HTML
  Parameters: {"id"=>"8"}
  [1m[36mArticle Load (0.1ms)[0m  [1m[34mSELECT "articles".* FROM "articles" WHERE "articles"."id" = ? LIMIT ?[0m  [["id", 8], ["LIMIT", 1]]
  ↳ app/controllers/articles_controller.rb:25:in `edit'
  Rendering layout layouts/application.html.erb
  Rendering articles/edit.html.erb within layouts/application
  Rendered articles/_form.html.erb (Duration: 1.4ms | Allocations: 777)
  Rendered articles/edit.html.erb within layouts/application (Duration: 2.4ms | Allocations: 950)
  Rendered layout layouts/application.html.erb (Duration: 5.0ms | Allocations: 2032)
Completed 200 OK in 7ms (Views: 5.6ms | ActiveRecord: 0.1ms | Allocations: 2719)


Started PATCH "/articles/8" for 127.0.0.1 at 2024-02-10 14:52:30 -0600
Processing by ArticlesController#update as TURBO_STREAM
  Parameters: {"authenticity_token"=>"[FILTERED]", "article"=>{"title"=>"tgj", "body"=>"hgtruhreuhrehu"}, "commit"=>"Update Article", "id"=>"8"}
  [1m[36mArticle Load (0.2ms)[0m  [1m[34mSELECT "articles".* FROM "articles" WHERE "articles"."id" = ? LIMIT ?[0m  [["id", 8], ["LIMIT", 1]]
  ↳ app/controllers/articles_controller.rb:29:in `update'
  [1m[36mTRANSACTION (0.1ms)[0m  [1m[36mbegin transaction[0m
  ↳ app/controllers/articles_controller.rb:31:in `update'
  [1m[36mArticle Update (3.4ms)[0m  [1m[33mUPDATE "articles" SET "title" = ?, "updated_at" = ? WHERE "articles"."id" = ?[0m  [["title", "tgj"], ["updated_at", "2024-02-10 20:52:30.935374"], ["id", 8]]
  ↳ app/controllers/articles_controller.rb:31:in `update'
  [1m[36mTRANSACTION (0.1ms)[0m  [1m[36mcommit transaction[0m
  ↳ app/controllers/articles_controller.rb:31:in `update'
Redirected to http://127.0.0.1:3000/articles/8
Completed 302 Found in 14ms (ActiveRecord: 3.8ms | Allocations: 2534)


Started GET "/articles/8" for 127.0.0.1 at 2024-02-10 14:52:30 -0600
Processing by ArticlesController#show as TURBO_STREAM
  Parameters: {"id"=>"8"}
  [1m[36mArticle Load (0.1ms)[0m  [1m[34mSELECT "articles".* FROM "articles" WHERE "articles"."id" = ? LIMIT ?[0m  [["id", 8], ["LIMIT", 1]]
  ↳ app/controllers/articles_controller.rb:7:in `show'
  Rendering layout layouts/application.html.erb
  Rendering articles/show.html.erb within layouts/application
  Rendered articles/show.html.erb within layouts/application (Duration: 0.5ms | Allocations: 82)
  Rendered layout layouts/application.html.erb (Duration: 4.9ms | Allocations: 1353)
Completed 200 OK in 8ms (Views: 5.9ms | ActiveRecord: 0.1ms | Allocations: 1968)


Started GET "/articles/8/edit" for 127.0.0.1 at 2024-02-10 14:52:32 -0600
Processing by ArticlesController#edit as HTML
  Parameters: {"id"=>"8"}
  [1m[36mArticle Load (0.2ms)[0m  [1m[34mSELECT "articles".* FROM "articles" WHERE "articles"."id" = ? LIMIT ?[0m  [["id", 8], ["LIMIT", 1]]
  ↳ app/controllers/articles_controller.rb:25:in `edit'
  Rendering layout layouts/application.html.erb
  Rendering articles/edit.html.erb within layouts/application
  Rendered articles/_form.html.erb (Duration: 2.7ms | Allocations: 782)
  Rendered articles/edit.html.erb within layouts/application (Duration: 3.2ms | Allocations: 845)
  Rendered layout layouts/application.html.erb (Duration: 6.3ms | Allocations: 1927)
Completed 200 OK in 12ms (Views: 8.7ms | ActiveRecord: 0.1ms | Allocations: 2546)


Started DELETE "/articles/8" for 127.0.0.1 at 2024-02-10 14:52:39 -0600
Processing by ArticlesController#destroy as TURBO_STREAM
  Parameters: {"id"=>"8"}
  [1m[36mArticle Load (0.2ms)[0m  [1m[34mSELECT "articles".* FROM "articles" WHERE "articles"."id" = ? LIMIT ?[0m  [["id", 8], ["LIMIT", 1]]
  ↳ app/controllers/articles_controller.rb:39:in `destroy'
  [1m[36mTRANSACTION (0.1ms)[0m  [1m[36mbegin transaction[0m
  ↳ app/controllers/articles_controller.rb:40:in `destroy'
  [1m[36mArticle Destroy (3.0ms)[0m  [1m[31mDELETE FROM "articles" WHERE "articles"."id" = ?[0m  [["id", 8]]
  ↳ app/controllers/articles_controller.rb:40:in `destroy'
  [1m[36mTRANSACTION (0.4ms)[0m  [1m[36mcommit transaction[0m
  ↳ app/controllers/articles_controller.rb:40:in `destroy'
Redirected to http://127.0.0.1:3000/
Completed 303 See Other in 16ms (ActiveRecord: 3.7ms | Allocations: 1973)


Started GET "/" for 127.0.0.1 at 2024-02-10 14:52:39 -0600
Processing by ArticlesController#index as TURBO_STREAM
  Rendering layout layouts/application.html.erb
  Rendering articles/index.html.erb within layouts/application
  [1m[36mArticle Load (0.3ms)[0m  [1m[34mSELECT "articles".* FROM "articles"[0m
  ↳ app/views/articles/index.html.erb:4
  Rendered articles/index.html.erb within layouts/application (Duration: 24.8ms | Allocations: 469)
  Rendered layout layouts/application.html.erb (Duration: 30.1ms | Allocations: 1732)
Completed 200 OK in 37ms (Views: 35.9ms | ActiveRecord: 0.2ms | Allocations: 1988)


Started GET "/" for 127.0.0.1 at 2024-02-10 14:52:41 -0600
Processing by ArticlesController#index as HTML
  Rendering layout layouts/application.html.erb
  Rendering articles/index.html.erb within layouts/application
  [1m[36mArticle Load (0.1ms)[0m  [1m[34mSELECT "articles".* FROM "articles"[0m
  ↳ app/views/articles/index.html.erb:4
  Rendered articles/index.html.erb within layouts/application (Duration: 2.9ms | Allocations: 476)
  Rendered layout layouts/application.html.erb (Duration: 11.5ms | Allocations: 1733)
Completed 200 OK in 15ms (Views: 14.1ms | ActiveRecord: 0.1ms | Allocations: 1984)


